#
# A fatal error has been detected by the Java Runtime Environment:
#
#  EXCEPTION_ACCESS_VIOLATION (0xc0000005) at pc=0x000001e21f6c9976, pid=11296, tid=5460
#
# JRE version: OpenJDK Runtime Environment Temurin-21.0.6+7 (21.0.6+7) (build 21.0.6+7-LTS)
# Java VM: OpenJDK 64-Bit Server VM Temurin-21.0.6+7 (21.0.6+7-LTS, mixed mode, sharing, tiered, compressed oops, compressed class ptrs, parallel gc, windows-amd64)
# Problematic frame:
# j  jdk.internal.org.objectweb.asm.SymbolTable.addConstant(Ljava/lang/Object;)Ljdk/internal/org/objectweb/asm/Symbol;+0 java.base@21.0.6
#
# No core dump will be written. Minidumps are not enabled by default on client versions of Windows
#
# If you would like to submit a bug report, please visit:
#   https://github.com/adoptium/adoptium-support/issues
#

---------------  S U M M A R Y ------------

Command Line: --add-modules=ALL-SYSTEM --add-opens=java.base/java.util=ALL-UNNAMED --add-opens=java.base/java.lang=ALL-UNNAMED --add-opens=java.base/sun.nio.fs=ALL-UNNAMED -Declipse.application=org.eclipse.jdt.ls.core.id1 -Dosgi.bundles.defaultStartLevel=4 -Declipse.product=org.eclipse.jdt.ls.core.product -Djava.import.generatesMetadataFilesAtProjectRoot=false -DDetectVMInstallationsJob.disabled=true -Dfile.encoding=utf8 -XX:+UseParallelGC -XX:GCTimeRatio=4 -XX:AdaptiveSizePolicyWeight=90 -Dsun.zip.disableMemoryMapping=true -Xmx1G -Xms100m -Xlog:disable -javaagent:c:\Users\ovian\.vscode\extensions\redhat.java-1.40.0-win32-x64\lombok\lombok-1.18.36.jar -XX:+HeapDumpOnOutOfMemoryError -XX:HeapDumpPath=c:\Users\ovian\AppData\Roaming\Code\User\workspaceStorage\c22df47efe8e38aa274e72438b390fa4\redhat.java -Daether.dependencyCollector.impl=bf c:\Users\ovian\.vscode\extensions\redhat.java-1.40.0-win32-x64\server\plugins\org.eclipse.equinox.launcher_1.6.1000.v20250131-0606.jar -configuration c:\Users\ovian\AppData\Roaming\Code\User\globalStorage\redhat.java\1.40.0\config_win -data c:\Users\ovian\AppData\Roaming\Code\User\workspaceStorage\c22df47efe8e38aa274e72438b390fa4\redhat.java\jdt_ws --pipe=\\.\pipe\lsp-140037999c02269af980783dcf165e36-sock

Host: Intel(R) Core(TM) i7-4790K CPU @ 4.00GHz, 8 cores, 15G,  Windows 10 , 64 bit Build 19041 (10.0.19041.5438)
Time: Sun Mar 16 16:35:07 2025 Hora estándar de Paraguay elapsed time: 1.971293 seconds (0d 0h 0m 1s)

---------------  T H R E A D  ---------------

Current thread (0x000001e270e096b0):  JavaThread "Start Level: Equinox Container: b1b759d8-b93a-46ec-b26e-9160d7892056" daemon [_thread_in_Java, id=5460, stack(0x0000009483700000,0x0000009483800000) (1024K)]

Stack: [0x0000009483700000,0x0000009483800000],  sp=0x00000094837fa2e8,  free space=1000k
Native frames: (J=compiled Java code, j=interpreted, Vv=VM code, C=native code)
C  0x000001e21f6c9976

The last pc belongs to instanceof (printed below).

siginfo: EXCEPTION_ACCESS_VIOLATION (0xc0000005), reading address 0x000001e2b723cec0


Registers:
RAX=0x000001e22a030bd0, RBX=0x000000000000000e, RCX=0x000000008d000040, RDX=0x000001e22a23ce80
RSP=0x00000094837fa2e8, RBP=0x00000094837fa330, RSI=0x000001e214330000, RDI=0x00000000eabbec90
R8 =0x0000000000000001, R9 =0x00000000eabbe998, R10=0x000001e22a000000, R11=0x000001e218340d60
R12=0x0000000000000000, R13=0x000001e22aa32298, R14=0x00000094837fa358, R15=0x000001e270e096b0
RIP=0x000001e21f6c9976, EFLAGS=0x0000000000010202

XMM[0]=0x6b6f766e692f676e 0x616c2f6176616a4c
XMM[1]=0x0000000000000000 0x0000000000000000
XMM[2]=0x0000000000000000 0x0000000000000000
XMM[3]=0x0000000000000000 0x59db6a41e191dddf
XMM[4]=0x0000000000000000 0x34e63b4167e12cdf
XMM[5]=0x0000000000000000 0xec33e0a163fa7256
XMM[6]=0x0000000000000000 0x9f1b22ef64a07bb9
XMM[7]=0x0000000000000000 0x2a9164c269c7bbf1
XMM[8]=0x0000000000000000 0x7d8812681208550c
XMM[9]=0x0000000000000000 0xf6273987a9a530d3
XMM[10]=0x0000000000000000 0x00000000b37df74c
XMM[11]=0x0000000000000000 0x529db758fc42e82b
XMM[12]=0x0000000000000000 0x00000000a9a530d3
XMM[13]=0x0000000000000000 0x00000000a78810ca
XMM[14]=0x0000000000000000 0xc8819bfd9f7bc76c
XMM[15]=0x0000000000000000 0x00000000d6fa2b6f
  MXCSR=0x00001fa0


Register to memory mapping:

RAX=0x000001e22a030bd0 is a pointer to class: 
java.lang.Float {0x000001e22a030bd8}
 - instance size:     2
 - klass size:        78
 - access:            public final synchronized 
 - flags:             rewritten has_nonstatic_fields is_shared_boot_class 
 - state:             fully_initialized
 - name:              'java/lang/Float'
 - super:             'java/lang/Number'
 - sub:               
 - arrays:            null
 - methods:           Array<T>(0x000001e22a661d10)
 - method ordering:   Array<T>(0x000001e22a6629f8)
 - local interfaces:  Array<T>(0x000001e22a6629d8)
 - trans. interfaces: Array<T>(0x000001e22a661118)
 - constants:         constant pool [279] {0x000001e22a6611a8} for 'java/lang/Float' cache=0x000001e22a030fb8
 - class loader data:  loader data: 0x000001e214fa6220 of 'bootstrap'
 - class annotations:       Array<T>(0x000001e22a661ce8)
 - generic signature: 'Ljava/lang/Number;Ljava/lang/Comparable<Ljava/lang/Float;>;Ljava/lang/constant/Constable;Ljava/lang/constant/ConstantDesc;'
 - inner classes:     Array<T>(0x000001e22a661cf8)
 - nest members:     Array<T>(0x000001e22a6114d0)
 - permitted subclasses:     Array<T>(0x000001e22a6114d0)
 - java mirror:       a 'java/lang/Class'{0x00000000ec86af40} = 'java/lang/Float'
 - vtable length      11  (start addr: 0x000001e22a030d90)
 - itable length      11 (start addr: 0x000001e22a030de8)
 - ---- static fields (8 words):
 - public static final 'POSITIVE_INFINITY' 'F' @128 
 - public static final 'NEGATIVE_INFINITY' 'F' @132 
 - public static final 'NaN' 'F' @136 
 - public static final 'MAX_VALUE' 'F' @140 
 - public static final 'MIN_NORMAL' 'F' @144 
 - public static final 'MIN_VALUE' 'F' @148 
 - public static final 'SIZE' 'I' @152 
 - public static final 'PRECISION' 'I' @156 
 - public static final 'MAX_EXPONENT' 'I' @160 
 - public static final 'MIN_EXPONENT' 'I' @164 
 - public static final 'BYTES' 'I' @168 
 - public static final 'TYPE' 'Ljava/lang/Class;' @112 
 - private static final 'serialVersionUID' 'J' @120 
 - static final synthetic '$assertionsDisabled' 'Z' @172 
 - ---- non-static fields (1 words):
 - private final 'value' 'F' @12 
 - non-static oop maps: 
RBX=0x000000000000000e is an unknown value
RCX=0x000000008d000040 is an unknown value
RDX=0x000001e22a23ce80 is a pointer to class: 
jdk.internal.org.objectweb.asm.Type {0x000001e22a23ce88}
 - instance size:     4
 - klass size:        64
 - access:            public final synchronized 
 - flags:             rewritten has_nonstatic_fields is_shared_boot_class 
 - state:             fully_initialized
 - name:              'jdk/internal/org/objectweb/asm/Type'
 - super:             'java/lang/Object'
 - sub:               
 - arrays:            'jdk/internal/org/objectweb/asm/Type'[]
 - methods:           Array<T>(0x000001e22a8d4d78)
 - method ordering:   Array<T>(0x000001e22a8d6180)
 - local interfaces:  Array<T>(0x000001e22a611548)
 - trans. interfaces: Array<T>(0x000001e22a611548)
 - constants:         constant pool [363] {0x000001e22a8d40b8} for 'jdk/internal/org/objectweb/asm/Type' cache=0x000001e22a23d250
 - class loader data:  loader data: 0x000001e214fa6220 of 'bootstrap'
 - inner classes:     Array<T>(0x000001e22a6114d0)
 - nest members:     Array<T>(0x000001e22a6114d0)
 - permitted subclasses:     Array<T>(0x000001e22a6114d0)
 - java mirror:       a 'java/lang/Class'{0x00000000c04581a0} = 'jdk/internal/org/objectweb/asm/Type'
 - vtable length      5  (start addr: 0x000001e22a23d040)
 - itable length      2 (start addr: 0x000001e22a23d068)
 - ---- static fields (12 words):
 - public static final 'VOID' 'I' @152 
 - public static final 'BOOLEAN' 'I' @156 
 - public static final 'CHAR' 'I' @160 
 - public static final 'BYTE' 'I' @164 
 - public static final 'SHORT' 'I' @168 
 - public static final 'INT' 'I' @172 
 - public static final 'FLOAT' 'I' @176 
 - public static final 'LONG' 'I' @180 
 - public static final 'DOUBLE' 'I' @184 
 - public static final 'ARRAY' 'I' @188 
 - public static final 'OBJECT' 'I' @192 
 - public static final 'METHOD' 'I' @196 
 - private static final 'INTERNAL' 'I' @200 
 - private static final 'PRIMITIVE_DESCRIPTORS' 'Ljava/lang/String;' @112 
 - public static final 'VOID_TYPE' 'Ljdk/internal/org/objectweb/asm/Type;' @116 
 - public static final 'BOOLEAN_TYPE' 'Ljdk/internal/org/objectweb/asm/Type;' @120 
 - public static final 'CHAR_TYPE' 'Ljdk/internal/org/objectweb/asm/Type;' @124 
 - public static final 'BYTE_TYPE' 'Ljdk/internal/org/objectweb/asm/Type;' @128 
 - public static final 'SHORT_TYPE' 'Ljdk/internal/org/objectweb/asm/Type;' @132 
 - public static final 'INT_TYPE' 'Ljdk/internal/org/objectweb/asm/Type;' @136 
 - public static final 'FLOAT_TYPE' 'Ljdk/internal/org/objectweb/asm/Type;' @140 
 - public static final 'LONG_TYPE' 'Ljdk/internal/org/objectweb/asm/Type;' @144 
 - public static final 'DOUBLE_TYPE' 'Ljdk/internal/org/objectweb/asm/Type;' @148 
 - ---- non-static fields (4 words):
 - private final 'sort' 'I' @12 
 - private final 'valueBegin' 'I' @16 
 - private final 'valueEnd' 'I' @20 
 - private final 'valueBuffer' 'Ljava/lang/String;' @24 
 - non-static oop maps: 24-24 
RSP=0x00000094837fa2e8 is pointing into the stack for thread: 0x000001e270e096b0
RBP=0x00000094837fa330 is pointing into the stack for thread: 0x000001e270e096b0
RSI=0x000001e214330000 is an unknown value
RDI=0x00000000eabbec90 points into unknown readable memory: 0x0044002d0065006c | 6c 00 65 00 2d 00 44 00
R8 =0x0000000000000001 is an unknown value
R9 =0x00000000eabbe998 is an oop: jdk.internal.org.objectweb.asm.MethodWriter 
{0x00000000eabbe998} - klass: 'jdk/internal/org/objectweb/asm/MethodWriter'
 - ---- fields (total size 28 words):
 - protected final 'api' 'I' @12  589824 (0x00090000)
 - protected 'mv' 'Ljdk/internal/org/objectweb/asm/MethodVisitor;' @16  null (0x00000000)
 - private final 'accessFlags' 'I' @20  8 (0x00000008)
 - private final 'nameIndex' 'I' @24  43 (0x0000002b)
 - private final 'descriptorIndex' 'I' @28  44 (0x0000002c)
 - private 'maxStack' 'I' @32  0 (0x00000000)
 - private 'maxLocals' 'I' @36  0 (0x00000000)
 - private 'lineNumberTableLength' 'I' @40  0 (0x00000000)
 - private 'localVariableTableLength' 'I' @44  0 (0x00000000)
 - private 'localVariableTypeTableLength' 'I' @48  0 (0x00000000)
 - private 'stackMapTableNumberOfEntries' 'I' @52  0 (0x00000000)
 - private final 'numberOfExceptions' 'I' @56  0 (0x00000000)
 - private final 'signatureIndex' 'I' @60  0 (0x00000000)
 - private 'visibleAnnotableParameterCount' 'I' @64  0 (0x00000000)
 - private 'invisibleAnnotableParameterCount' 'I' @68  0 (0x00000000)
 - private 'parametersCount' 'I' @72  0 (0x00000000)
 - private final 'compute' 'I' @76  4 (0x00000004)
 - private 'relativeStackSize' 'I' @80  0 (0x00000000)
 - private 'maxRelativeStackSize' 'I' @84  0 (0x00000000)
 - private 'currentLocals' 'I' @88  0 (0x00000000)
 - private 'previousFrameOffset' 'I' @92  0 (0x00000000)
 - private 'lastBytecodeOffset' 'I' @96  0 (0x00000000)
 - private 'sourceOffset' 'I' @100  0 (0x00000000)
 - private 'sourceLength' 'I' @104  0 (0x00000000)
 - private 'hasSubroutines' 'Z' @108  false (0x00)
 - private 'hasAsmInstructions' 'Z' @109  false (0x00)
 - private final 'symbolTable' 'Ljdk/internal/org/objectweb/asm/SymbolTable;' @112  a 'jdk/internal/org/objectweb/asm/SymbolTable'{0x00000000eabbc508} (0xeabbc508)
 - private final 'name' 'Ljava/lang/String;' @116  "<clinit>"{0x00000000c031fa00} (0xc031fa00)
 - private final 'descriptor' 'Ljava/lang/String;' @120  "()V"{0x00000000c0494dc0} (0xc0494dc0)
 - private final 'code' 'Ljdk/internal/org/objectweb/asm/ByteVector;' @124  a 'jdk/internal/org/objectweb/asm/ByteVector'{0x00000000eabbea78} (0xeabbea78)
 - private 'firstHandler' 'Ljdk/internal/org/objectweb/asm/Handler;' @128  null (0x00000000)
 - private 'lastHandler' 'Ljdk/internal/org/objectweb/asm/Handler;' @132  null (0x00000000)
 - private 'lineNumberTable' 'Ljdk/internal/org/objectweb/asm/ByteVector;' @136  null (0x00000000)
 - private 'localVariableTable' 'Ljdk/internal/org/objectweb/asm/ByteVector;' @140  null (0x00000000)
 - private 'localVariableTypeTable' 'Ljdk/internal/org/objectweb/asm/ByteVector;' @144  null (0x00000000)
 - private 'stackMapTableEntries' 'Ljdk/internal/org/objectweb/asm/ByteVector;' @148  null (0x00000000)
 - private 'lastCodeRuntimeVisibleTypeAnnotation' 'Ljdk/internal/org/objectweb/asm/AnnotationWriter;' @152  null (0x00000000)
 - private 'lastCodeRuntimeInvisibleTypeAnnotation' 'Ljdk/internal/org/objectweb/asm/AnnotationWriter;' @156  null (0x00000000)
 - private 'firstCodeAttribute' 'Ljdk/internal/org/objectweb/asm/Attribute;' @160  null (0x00000000)
 - private final 'exceptionIndexTable' '[I' @164  null (0x00000000)
 - private 'lastRuntimeVisibleAnnotation' 'Ljdk/internal/org/objectweb/asm/AnnotationWriter;' @168  null (0x00000000)
 - private 'lastRuntimeInvisibleAnnotation' 'Ljdk/internal/org/objectweb/asm/AnnotationWriter;' @172  null (0x00000000)
 - private 'lastRuntimeVisibleParameterAnnotations' '[Ljdk/internal/org/objectweb/asm/AnnotationWriter;' @176  null (0x00000000)
 - private 'lastRuntimeInvisibleParameterAnnotations' '[Ljdk/internal/org/objectweb/asm/AnnotationWriter;' @180  null (0x00000000)
 - private 'lastRuntimeVisibleTypeAnnotation' 'Ljdk/internal/org/objectweb/asm/AnnotationWriter;' @184  null (0x00000000)
 - private 'lastRuntimeInvisibleTypeAnnotation' 'Ljdk/internal/org/objectweb/asm/AnnotationWriter;' @188  null (0x00000000)
 - private 'defaultValue' 'Ljdk/internal/org/objectweb/asm/ByteVector;' @192  null (0x00000000)
 - private 'parameters' 'Ljdk/internal/org/objectweb/asm/ByteVector;' @196  null (0x00000000)
 - private 'firstAttribute' 'Ljdk/internal/org/objectweb/asm/Attribute;' @200  null (0x00000000)
 - private 'firstBasicBlock' 'Ljdk/internal/org/objectweb/asm/Label;' @204  a 'jdk/internal/org/objectweb/asm/Label'{0x00000000eabbeb50} (0xeabbeb50)
 - private 'lastBasicBlock' 'Ljdk/internal/org/objectweb/asm/Label;' @208  a 'jdk/internal/org/objectweb/asm/Label'{0x00000000eabbeb50} (0xeabbeb50)
 - private 'currentBasicBlock' 'Ljdk/internal/org/objectweb/asm/Label;' @212  a 'jdk/internal/org/objectweb/asm/Label'{0x00000000eabbeb50} (0xeabbeb50)
 - private 'previousFrame' '[I' @216  null (0x00000000)
 - private 'currentFrame' '[I' @220  null (0x00000000)
R10=0x000001e22a000000 is pointing into metadata
R11=0x000001e218340d60 is at entry_point+0 in (nmethod*)0x000001e218340a10
Compiled method (c1) 1987 1085       3       jdk.internal.org.objectweb.asm.Type::getTypeInternal (218 bytes)
 total in heap  [0x000001e218340a10,0x000001e2183424d8] = 6856
 relocation     [0x000001e218340b70,0x000001e218340d48] = 472
 main code      [0x000001e218340d60,0x000001e218341e78] = 4376
 stub code      [0x000001e218341e78,0x000001e218341f00] = 136
 oops           [0x000001e218341f00,0x000001e218341f10] = 16
 metadata       [0x000001e218341f10,0x000001e218341f90] = 128
 scopes data    [0x000001e218341f90,0x000001e2183421f0] = 608
 scopes pcs     [0x000001e2183421f0,0x000001e218342490] = 672
 dependencies   [0x000001e218342490,0x000001e2183424b8] = 40
 nul chk table  [0x000001e2183424b8,0x000001e2183424d8] = 32
R12=0x0 is null
R13=0x000001e22aa32298 is pointing into metadata
R14=0x00000094837fa358 is pointing into the stack for thread: 0x000001e270e096b0
R15=0x000001e270e096b0 is a thread

Top of Stack: (sp=0x00000094837fa2e8)
0x00000094837fa2e8:   00000094837fa2e8 000001e22aa32230
0x00000094837fa2f8:   0000000000000005 000001e22a368bc0
0x00000094837fa308:   0000000000000000 00000000c04593c0
0x00000094837fa318:   000001e22a36ab70 0000000000000000
0x00000094837fa328:   00000094837fa350 00000094837fa3a8
0x00000094837fa338:   000001e21f6b86d2 0000000000000000
0x00000094837fa348:   0000000000000000 00000000eabbec70
0x00000094837fa358:   00000000eabbc508 00000094837fa360
0x00000094837fa368:   000001e22aa36a18 0000000000000008
0x00000094837fa378:   000001e22a36c988 0000000000000000
0x00000094837fa388:   00000000c04580c0 000001e22a36e288
0x00000094837fa398:   00000094837fa350 00000094837fa3e0
0x00000094837fa3a8:   00000094837fa438 000001e21f6b8560
0x00000094837fa3b8:   0000000000000000 0000000000000000
0x00000094837fa3c8:   0000000000000000 0000000000000000
0x00000094837fa3d8:   0000000000000000 00000000eabbec70
0x00000094837fa3e8:   00000000eabbe998 00000094837fa3f0
0x00000094837fa3f8:   000001e22a7b71e2 0000000000000008
0x00000094837fa408:   000001e22a14d490 0000000000000000
0x00000094837fa418:   00000000c0459790 000001e22a150750
0x00000094837fa428:   00000094837fa3e0 00000094837fa468
0x00000094837fa438:   00000094837fa4c8 000001e21f6b8560
0x00000094837fa448:   0000000000000000 00000000eabbe8e8
0x00000094837fa458:   00000000eabbd3f0 00000000eabbe998
0x00000094837fa468:   00000000eabbc310 00000000eabbc398
0x00000094837fa478:   00000000eabbc470 00000094837fa480
0x00000094837fa488:   000001e22a7b7fbd 0000000000000002
0x00000094837fa498:   000001e22a14d490 0000000000000000
0x00000094837fa4a8:   00000000c0459790 000001e22a150d28
0x00000094837fa4b8:   00000094837fa468 00000094837fa4d8
0x00000094837fa4c8:   00000094837fa530 000001e21f6b86d2
0x00000094837fa4d8:   00000000eabbc2d0 00000000eabbc2d0 

Instructions: (pc=0x000001e21f6c9976)
0x000001e21f6c9876:   00 0f 84 05 00 00 00 e9 7e 76 fe ff 4c 8b 6d c0
0x000001e21f6c9886:   4c 8b 75 c8 4e 8d 74 f5 00 c3 49 8b 87 f8 03 00
0x000001e21f6c9896:   00 49 c7 87 f8 03 00 00 00 00 00 00 5a 8b 52 08
0x000001e21f6c98a6:   49 ba 00 00 00 2a e2 01 00 00 49 03 d2 eb 1e 8b
0x000001e21f6c98b6:   50 08 49 ba 00 00 00 2a e2 01 00 00 49 03 d2 66
0x000001e21f6c98c6:   8b 5c d9 48 48 8b 49 28 48 8b 44 d9 08 48 8b 4d
0x000001e21f6c98d6:   d8 48 85 c9 0f 84 8a 00 00 00 48 8b 79 18 48 3b
0x000001e21f6c98e6:   fa 0f 85 0f 00 00 00 48 83 41 20 01 48 83 59 20
0x000001e21f6c98f6:   00 e9 66 00 00 00 48 85 ff 0f 84 37 00 00 00 48
0x000001e21f6c9906:   8b 79 28 48 3b fa 0f 85 0f 00 00 00 48 83 41 30
0x000001e21f6c9916:   01 48 83 59 30 00 e9 41 00 00 00 48 85 ff 0f 85
0x000001e21f6c9926:   38 00 00 00 48 89 51 28 bf 01 00 00 00 48 89 79
0x000001e21f6c9936:   30 e9 26 00 00 00 48 3b 51 28 0f 85 0f 00 00 00
0x000001e21f6c9946:   48 83 41 30 01 48 83 59 30 00 e9 0d 00 00 00 48
0x000001e21f6c9956:   89 51 18 bf 01 00 00 00 48 89 79 20 48 83 c1 38
0x000001e21f6c9966:   48 89 4d d8 48 3b d0 0f 84 54 00 00 00 8b 48 14
0x000001e21f6c9976:   48 3b 04 0a 0f 84 47 00 00 00 83 f9 20 0f 85 1d
0x000001e21f6c9986:   00 00 00 57 48 8b 7a 28 8b 0f 48 83 c7 08 48 85
0x000001e21f6c9996:   c0 f2 48 af 5f 75 09 48 89 42 20 e9 21 00 00 00
0x000001e21f6c99a6:   48 8b 4d d8 48 85 c9 0f 84 10 00 00 00 48 83 41
0x000001e21f6c99b6:   d0 ff 0f 88 05 00 00 00 48 83 41 d0 01 33 c0 eb
0x000001e21f6c99c6:   23 b8 01 00 00 00 e9 19 00 00 00 48 8b 4d d8 48
0x000001e21f6c99d6:   85 c9 0f 84 0c 00 00 00 80 49 01 01 48 83 c1 38
0x000001e21f6c99e6:   48 89 4d d8 41 0f b6 5d 03 49 83 c5 03 49 ba 30
0x000001e21f6c99f6:   01 f2 c5 fc 7f 00 00 41 ff 24 da 0f 1f 80 00 00
0x000001e21f6c9a06:   00 00 20 c0 c4 c5 fc 7f 00 00 70 01 00 00 c2 00
0x000001e21f6c9a16:   00 00 00 00 00 00 00 00 00 00 58 48 3b 00 33 d2
0x000001e21f6c9a26:   4c 8b 4d b8 4c 8d 45 b8 eb 13 49 83 79 08 00 49
0x000001e21f6c9a36:   0f 44 d1 49 3b 41 08 74 09 49 83 c1 10 4d 3b c8
0x000001e21f6c9a46:   75 e8 48 85 d2 0f 85 28 00 00 00 48 8b 55 b8 48
0x000001e21f6c9a56:   83 ec 10 48 83 ea 10 4c 8b cc 48 89 55 b8 e9 0b
0x000001e21f6c9a66:   00 00 00 4d 8b 41 10 4d 89 01 49 83 c1 08 4c 3b 


Stack slot to memory mapping:

stack at sp + 0 slots: 0x00000094837fa2e8 is pointing into the stack for thread: 0x000001e270e096b0
stack at sp + 1 slots: 0x000001e22aa32230 is pointing into metadata
stack at sp + 2 slots: 0x0000000000000005 is an unknown value
stack at sp + 3 slots: 0x000001e22a368bc0 is pointing into metadata
stack at sp + 4 slots: 0x0 is null
stack at sp + 5 slots: 0x00000000c04593c0 is an oop: java.lang.Class 
{0x00000000c04593c0} - klass: 'java/lang/Class'
 - ---- fields (total size 14 words):
 - private volatile transient 'classRedefinedCount' 'I' @12  0 (0x00000000)
 - injected 'klass' 'J' @16  2070882453344 (0x000001e22a368760)
 - injected 'array_klass' 'J' @24  0 (0x0000000000000000)
 - injected 'oop_size' 'I' @32  14 (0x0000000e)
 - injected 'static_oop_field_count' 'I' @36  0 (0x00000000)
 - private volatile transient 'cachedConstructor' 'Ljava/lang/reflect/Constructor;' @40  null (0x00000000)
 - private transient 'name' 'Ljava/lang/String;' @44  null (0x00000000)
 - private transient 'module' 'Ljava/lang/Module;' @48  a 'java/lang/Module'{0x00000000ec817e70} (0xec817e70)
 - private final 'classLoader' 'Ljava/lang/ClassLoader;' @52  null (0x00000000)
 - private transient 'classData' 'Ljava/lang/Object;' @56  null (0x00000000)
 - private transient 'packageName' 'Ljava/lang/String;' @60  null (0x00000000)
 - private final 'componentType' 'Ljava/lang/Class;' @64  null (0x00000000)
 - private volatile transient 'reflectionData' 'Ljava/lang/ref/SoftReference;' @68  null (0x00000000)
 - private volatile transient 'genericInfo' 'Lsun/reflect/generics/repository/ClassRepository;' @72  null (0x00000000)
 - private volatile transient 'enumConstants' '[Ljava/lang/Object;' @76  null (0x00000000)
 - private volatile transient 'enumConstantDirectory' 'Ljava/util/Map;' @80  null (0x00000000)
 - private volatile transient 'annotationData' 'Ljava/lang/Class$AnnotationData;' @84  null (0x00000000)
 - private volatile transient 'annotationType' 'Lsun/reflect/annotation/AnnotationType;' @88  null (0x00000000)
 - transient 'classValueMap' 'Ljava/lang/ClassValue$ClassValueMap;' @92  null (0x00000000)
 - injected 'protection_domain' 'Ljava/lang/Object;' @96  null (0x00000000)
 - injected 'signers_name' 'Ljava/lang/Object;' @100  null (0x00000000)
 - injected 'source_file' 'Ljava/lang/Object;' @104  null (0x00000000)
 - injected '<init_lock>' 'Ljava/lang/Object;' @108  null (0x00000000)
 - signature: Ljdk/internal/org/objectweb/asm/SymbolTable;
 - ---- static fields (0):
stack at sp + 6 slots: {method} {0x000001e22a36ab78} 'addConstant' '(Ljava/lang/Object;)Ljdk/internal/org/objectweb/asm/Symbol;' in 'jdk/internal/org/objectweb/asm/SymbolTable'
stack at sp + 7 slots: 0x0 is null

instanceof  193 instanceof  [0x000001e21f6c97c0, 0x000001e21f6c9a08]  584 bytes
[MachCode]
  0x000001e21f6c97c0: 5848 85c0 | 0f84 0702 | 0000 488b | 4de8 488b | 4908 488b | 4908 488b | 5108 410f | b75d 010f 
  0x000001e21f6c97e0: cbc1 eb10 | 807c 1a04 | 070f 84c6 | 0000 0050 | e805 0000 | 00e9 9600 | 0000 488d | 4424 084c 
  0x000001e21f6c9800: 896d c049 | 8bcf c5f8 | 7749 89af | a803 0000 | 4989 8798 | 0300 0048 | 83ec 2040 | f6c4 0f0f 
  0x000001e21f6c9820: 8419 0000 | 0048 83ec | 0848 b810 | 7863 c5fc | 7f00 00ff | d048 83c4 | 08e9 0c00 | 0000 48b8 
  0x000001e21f6c9840: 1078 63c5 | fc7f 0000 | ffd0 4883 | c420 49c7 | 8798 0300 | 0000 0000 | 0049 c787 | a803 0000 
  0x000001e21f6c9860: 0000 0000 | 49c7 87a0 | 0300 0000 | 0000 00c5 | f877 4983 | 7f08 000f | 8405 0000 | 00e9 7e76 
  0x000001e21f6c9880: feff 4c8b | 6dc0 4c8b | 75c8 4e8d | 74f5 00c3 | 498b 87f8 | 0300 0049 | c787 f803 | 0000 0000 
  0x000001e21f6c98a0: 0000 5a8b | 5208 49ba | 0000 002a | e201 0000 | 4903 d2eb | 1e8b 5008 | 49ba 0000 | 002a e201 
  0x000001e21f6c98c0: 0000 4903 | d266 8b5c | d948 488b | 4928 488b | 44d9 0848 | 8b4d d848 | 85c9 0f84 | 8a00 0000 
  0x000001e21f6c98e0: 488b 7918 | 483b fa0f | 850f 0000 | 0048 8341 | 2001 4883 | 5920 00e9 | 6600 0000 | 4885 ff0f 
  0x000001e21f6c9900: 8437 0000 | 0048 8b79 | 2848 3bfa | 0f85 0f00 | 0000 4883 | 4130 0148 | 8359 3000 | e941 0000 
  0x000001e21f6c9920: 0048 85ff | 0f85 3800 | 0000 4889 | 5128 bf01 | 0000 0048 | 8979 30e9 | 2600 0000 | 483b 5128 
  0x000001e21f6c9940: 0f85 0f00 | 0000 4883 | 4130 0148 | 8359 3000 | e90d 0000 | 0048 8951 | 18bf 0100 | 0000 4889 
  0x000001e21f6c9960: 7920 4883 | c138 4889 | 4dd8 483b | d00f 8454 | 0000 008b | 4814 483b | 040a 0f84 | 4700 0000 
  0x000001e21f6c9980: 83f9 200f | 851d 0000 | 0057 488b | 7a28 8b0f | 4883 c708 | 4885 c0f2 | 48af 5f75 | 0948 8942 
  0x000001e21f6c99a0: 20e9 2100 | 0000 488b | 4dd8 4885 | c90f 8410 | 0000 0048 | 8341 d0ff | 0f88 0500 | 0000 4883 
  0x000001e21f6c99c0: 41d0 0133 | c0eb 23b8 | 0100 0000 | e919 0000 | 0048 8b4d | d848 85c9 | 0f84 0c00 | 0000 8049 
  0x000001e21f6c99e0: 0101 4883 | c138 4889 | 4dd8 410f | b65d 0349 | 83c5 0349 | ba30 01f2 | c5fc 7f00 | 0041 ff24 
  0x000001e21f6c9a00: da0f 1f80 | 0000 0000 
[/MachCode]

---------------  P R O C E S S  ---------------

Threads class SMR info:
_java_thread_list=0x000001e2710b86a0, length=20, elements={
0x000001e214f7fb10, 0x000001e22932fa70, 0x000001e2293311c0, 0x000001e229332b90,
0x000001e229333aa0, 0x000001e2293387f0, 0x000001e22933cf80, 0x000001e22933f560,
0x000001e229342850, 0x000001e214feb740, 0x000001e2700f2e00, 0x000001e27026ab00,
0x000001e270442070, 0x000001e270620fb0, 0x000001e270db8bb0, 0x000001e270e51f50,
0x000001e270e096b0, 0x000001e271009420, 0x000001e2710c3000, 0x000001e2713484d0
}

Java Threads: ( => current thread )
  0x000001e214f7fb10 JavaThread "main"                              [_thread_blocked, id=7196, stack(0x0000009481d00000,0x0000009481e00000) (1024K)]
  0x000001e22932fa70 JavaThread "Reference Handler"          daemon [_thread_blocked, id=11468, stack(0x0000009482100000,0x0000009482200000) (1024K)]
  0x000001e2293311c0 JavaThread "Finalizer"                  daemon [_thread_blocked, id=11244, stack(0x0000009482200000,0x0000009482300000) (1024K)]
  0x000001e229332b90 JavaThread "Signal Dispatcher"          daemon [_thread_blocked, id=1144, stack(0x0000009482300000,0x0000009482400000) (1024K)]
  0x000001e229333aa0 JavaThread "Attach Listener"            daemon [_thread_blocked, id=8104, stack(0x0000009482400000,0x0000009482500000) (1024K)]
  0x000001e2293387f0 JavaThread "Service Thread"             daemon [_thread_blocked, id=2472, stack(0x0000009482500000,0x0000009482600000) (1024K)]
  0x000001e22933cf80 JavaThread "Monitor Deflation Thread"   daemon [_thread_blocked, id=4908, stack(0x0000009482600000,0x0000009482700000) (1024K)]
  0x000001e22933f560 JavaThread "C2 CompilerThread0"         daemon [_thread_blocked, id=9988, stack(0x0000009482700000,0x0000009482800000) (1024K)]
  0x000001e229342850 JavaThread "C1 CompilerThread0"         daemon [_thread_blocked, id=760, stack(0x0000009482800000,0x0000009482900000) (1024K)]
  0x000001e214feb740 JavaThread "Common-Cleaner"             daemon [_thread_blocked, id=2892, stack(0x0000009482900000,0x0000009482a00000) (1024K)]
  0x000001e2700f2e00 JavaThread "C2 CompilerThread1"         daemon [_thread_blocked, id=9796, stack(0x0000009482a00000,0x0000009482b00000) (1024K)]
  0x000001e27026ab00 JavaThread "Notification Thread"        daemon [_thread_blocked, id=7488, stack(0x0000009482b00000,0x0000009482c00000) (1024K)]
  0x000001e270442070 JavaThread "C2 CompilerThread2"         daemon [_thread_blocked, id=408, stack(0x0000009482c00000,0x0000009482d00000) (1024K)]
  0x000001e270620fb0 JavaThread "Active Thread: Equinox Container: b1b759d8-b93a-46ec-b26e-9160d7892056"        [_thread_blocked, id=7236, stack(0x0000009483300000,0x0000009483400000) (1024K)]
  0x000001e270db8bb0 JavaThread "Refresh Thread: Equinox Container: b1b759d8-b93a-46ec-b26e-9160d7892056" daemon [_thread_blocked, id=10264, stack(0x0000009483400000,0x0000009483500000) (1024K)]
  0x000001e270e51f50 JavaThread "Framework Event Dispatcher: Equinox Container: b1b759d8-b93a-46ec-b26e-9160d7892056" daemon [_thread_blocked, id=10188, stack(0x0000009483600000,0x0000009483700000) (1024K)]
=>0x000001e270e096b0 JavaThread "Start Level: Equinox Container: b1b759d8-b93a-46ec-b26e-9160d7892056" daemon [_thread_in_Java, id=5460, stack(0x0000009483700000,0x0000009483800000) (1024K)]
  0x000001e271009420 JavaThread "Bundle File Closer"         daemon [_thread_blocked, id=2416, stack(0x0000009483800000,0x0000009483900000) (1024K)]
  0x000001e2710c3000 JavaThread "SCR Component Actor"        daemon [_thread_blocked, id=12092, stack(0x0000009483900000,0x0000009483a00000) (1024K)]
  0x000001e2713484d0 JavaThread "SCR Component Registry"     daemon [_thread_blocked, id=5584, stack(0x0000009483a00000,0x0000009483b00000) (1024K)]
Total: 20

Other Threads:
  0x000001e21503d920 VMThread "VM Thread"                           [id=6892, stack(0x0000009482000000,0x0000009482100000) (1024K)]
  0x000001e22925bc60 WatcherThread "VM Periodic Task Thread"        [id=3756, stack(0x0000009481f00000,0x0000009482000000) (1024K)]
  0x000001e214f9cca0 WorkerThread "GC Thread#0"                     [id=9360, stack(0x0000009481e00000,0x0000009481f00000) (1024K)]
  0x000001e270c17500 WorkerThread "GC Thread#1"                     [id=10928, stack(0x0000009482d00000,0x0000009482e00000) (1024K)]
  0x000001e270c140e0 WorkerThread "GC Thread#2"                     [id=9568, stack(0x0000009482e00000,0x0000009482f00000) (1024K)]
  0x000001e270c61d70 WorkerThread "GC Thread#3"                     [id=12228, stack(0x0000009482f00000,0x0000009483000000) (1024K)]
  0x000001e270c62110 WorkerThread "GC Thread#4"                     [id=5004, stack(0x0000009483000000,0x0000009483100000) (1024K)]
  0x000001e270c624b0 WorkerThread "GC Thread#5"                     [id=240, stack(0x0000009483100000,0x0000009483200000) (1024K)]
  0x000001e270c62850 WorkerThread "GC Thread#6"                     [id=5088, stack(0x0000009483200000,0x0000009483300000) (1024K)]
  0x000001e270c4e660 WorkerThread "GC Thread#7"                     [id=5588, stack(0x0000009483500000,0x0000009483600000) (1024K)]
Total: 10

Threads with active compile tasks:
Total: 0

VM state: not at safepoint (normal execution)

VM Mutex/Monitor currently owned by a thread: None

Heap address: 0x00000000c0000000, size: 1024 MB, Compressed Oops mode: 32-bit

CDS archive(s) mapped at: [0x000001e22a000000-0x000001e22aba0000-0x000001e22aba0000), size 12189696, SharedBaseAddress: 0x000001e22a000000, ArchiveRelocationMode: 1.
Compressed class space mapped at: 0x000001e22b000000-0x000001e26b000000, reserved size: 1073741824
Narrow klass base: 0x000001e22a000000, Narrow klass shift: 0, Narrow klass range: 0x100000000

GC Precious Log:
 CardTable entry size: 512
 CPUs: 8 total, 8 available
 Memory: 16242M
 Large Page Support: Disabled
 NUMA Support: Disabled
 Compressed Oops: Enabled (32-bit)
 Alignments: Space 512K, Generation 512K, Heap 2M
 Heap Min Capacity: 100M
 Heap Initial Capacity: 100M
 Heap Max Capacity: 1G
 Pre-touch: Disabled
 Parallel Workers: 8

Heap:
 PSYoungGen      total 29696K, used 5136K [0x00000000eab00000, 0x00000000ecc00000, 0x0000000100000000)
  eden space 25600K, 4% used [0x00000000eab00000,0x00000000eac06320,0x00000000ec400000)
  from space 4096K, 99% used [0x00000000ec800000,0x00000000ecbfdd08,0x00000000ecc00000)
  to   space 4096K, 0% used [0x00000000ec400000,0x00000000ec400000,0x00000000ec800000)
 ParOldGen       total 68608K, used 7007K [0x00000000c0000000, 0x00000000c4300000, 0x00000000eab00000)
  object space 68608K, 10% used [0x00000000c0000000,0x00000000c06d7f70,0x00000000c4300000)
 Metaspace       used 12457K, committed 12928K, reserved 1114112K
  class space    used 1242K, committed 1472K, reserved 1048576K

Card table byte_map: [0x000001e214930000,0x000001e214b40000] _byte_map_base: 0x000001e214330000

Marking Bits: (ParMarkBitMap*) 0x00007ffcc5f13260
 Begin Bits: [0x000001e227180000, 0x000001e228180000)
 End Bits:   [0x000001e228180000, 0x000001e229180000)

Polling page: 0x000001e212e10000

Metaspace:

Usage:
  Non-class:     10.95 MB used.
      Class:      1.21 MB used.
       Both:     12.17 MB used.

Virtual space:
  Non-class space:       64.00 MB reserved,      11.19 MB ( 17%) committed,  1 nodes.
      Class space:        1.00 GB reserved,       1.44 MB ( <1%) committed,  1 nodes.
             Both:        1.06 GB reserved,      12.62 MB (  1%) committed. 

Chunk freelists:
   Non-Class:  4.08 MB
       Class:  14.61 MB
        Both:  18.69 MB

MaxMetaspaceSize: unlimited
CompressedClassSpaceSize: 1.00 GB
Initial GC threshold: 21.00 MB
Current GC threshold: 21.00 MB
CDS: on
 - commit_granule_bytes: 65536.
 - commit_granule_words: 8192.
 - virtual_space_node_default_size: 8388608.
 - enlarge_chunks_in_place: 1.
 - use_allocation_guard: 0.


Internal statistics:

num_allocs_failed_limit: 0.
num_arena_births: 272.
num_arena_deaths: 0.
num_vsnodes_births: 2.
num_vsnodes_deaths: 0.
num_space_committed: 202.
num_space_uncommitted: 0.
num_chunks_returned_to_freelist: 0.
num_chunks_taken_from_freelist: 625.
num_chunk_merges: 0.
num_chunk_splits: 408.
num_chunks_enlarged: 285.
num_inconsistent_stats: 0.

CodeHeap 'non-profiled nmethods': size=120000Kb used=1265Kb max_used=1265Kb free=118734Kb
 bounds [0x000001e21fc50000, 0x000001e21fec0000, 0x000001e227180000]
CodeHeap 'profiled nmethods': size=120000Kb used=5561Kb max_used=5561Kb free=114438Kb
 bounds [0x000001e218180000, 0x000001e2186f0000, 0x000001e21f6b0000]
CodeHeap 'non-nmethods': size=5760Kb used=1241Kb max_used=1272Kb free=4518Kb
 bounds [0x000001e21f6b0000, 0x000001e21f920000, 0x000001e21fc50000]
 total_blobs=3274 nmethods=2765 adapters=415
 compilation: enabled
              stopped_count=0, restarted_count=0
 full_count=0

Compilation events (20 events):
Event: 1.953 Thread 0x000001e229342850 2751       3       java.util.AbstractSequentialList::<init> (5 bytes)
Event: 1.953 Thread 0x000001e229342850 nmethod 2751 0x000001e2186e5990 code [0x000001e2186e5b40, 0x000001e2186e5d70]
Event: 1.953 Thread 0x000001e229342850 2749       1       java.lang.reflect.Constructor::getModifiers (5 bytes)
Event: 1.953 Thread 0x000001e229342850 nmethod 2749 0x000001e21fd87390 code [0x000001e21fd87520, 0x000001e21fd875e8]
Event: 1.961 Thread 0x000001e229342850 2752       3       java.util.AbstractSequentialList::iterator (5 bytes)
Event: 1.961 Thread 0x000001e229342850 nmethod 2752 0x000001e2186e5e90 code [0x000001e2186e60a0, 0x000001e2186e6628]
Event: 1.961 Thread 0x000001e229342850 2753       3       java.util.LinkedList::listIterator (15 bytes)
Event: 1.961 Thread 0x000001e229342850 nmethod 2753 0x000001e2186e6890 code [0x000001e2186e6a80, 0x000001e2186e6ee8]
Event: 1.961 Thread 0x000001e229342850 2754       3       java.util.LinkedList$ListItr::<init> (47 bytes)
Event: 1.962 Thread 0x000001e229342850 nmethod 2754 0x000001e2186e7090 code [0x000001e2186e7240, 0x000001e2186e74a0]
Event: 1.963 Thread 0x000001e229342850 2755       3       java.util.LinkedList::addAll (182 bytes)
Event: 1.963 Thread 0x000001e229342850 nmethod 2755 0x000001e2186e7590 code [0x000001e2186e77e0, 0x000001e2186e8100]
Event: 1.967 Thread 0x000001e229342850 2756       3       jdk.internal.org.objectweb.asm.Frame::setInputFrameFromDescriptor (175 bytes)
Event: 1.967 Thread 0x000001e229342850 nmethod 2756 0x000001e2186e8510 code [0x000001e2186e8740, 0x000001e2186e8e68]
Event: 1.967 Thread 0x000001e229342850 2757       3       jdk.internal.org.objectweb.asm.Type::getArgumentTypes (154 bytes)
Event: 1.968 Thread 0x000001e270442070 2761       4       java.util.Arrays::copyOf (40 bytes)
Event: 1.969 Thread 0x000001e229342850 nmethod 2757 0x000001e2186e9290 code [0x000001e2186e96e0, 0x000001e2186ebaf0]
Event: 1.969 Thread 0x000001e22933f560 nmethod 2731% 0x000001e21fd88290 code [0x000001e21fd885c0, 0x000001e21fd8a410]
Event: 1.969 Thread 0x000001e229342850 2762       3       java.lang.invoke.LambdaForm$Name::internArguments (62 bytes)
Event: 1.970 Thread 0x000001e229342850 nmethod 2762 0x000001e2186ec990 code [0x000001e2186ecb80, 0x000001e2186ed1e8]

GC Heap History (8 events):
Event: 0.731 GC heap before
{Heap before GC invocations=1 (full 0):
 PSYoungGen      total 29696K, used 25600K [0x00000000eab00000, 0x00000000ecc00000, 0x0000000100000000)
  eden space 25600K, 100% used [0x00000000eab00000,0x00000000ec400000,0x00000000ec400000)
  from space 4096K, 0% used [0x00000000ec800000,0x00000000ec800000,0x00000000ecc00000)
  to   space 4096K, 0% used [0x00000000ec400000,0x00000000ec400000,0x00000000ec800000)
 ParOldGen       total 68608K, used 0K [0x00000000c0000000, 0x00000000c4300000, 0x00000000eab00000)
  object space 68608K, 0% used [0x00000000c0000000,0x00000000c0000000,0x00000000c4300000)
 Metaspace       used 4309K, committed 4480K, reserved 1114112K
  class space    used 434K, committed 512K, reserved 1048576K
}
Event: 0.737 GC heap after
{Heap after GC invocations=1 (full 0):
 PSYoungGen      total 29696K, used 3173K [0x00000000eab00000, 0x00000000ecc00000, 0x0000000100000000)
  eden space 25600K, 0% used [0x00000000eab00000,0x00000000eab00000,0x00000000ec400000)
  from space 4096K, 77% used [0x00000000ec400000,0x00000000ec7197f0,0x00000000ec800000)
  to   space 4096K, 0% used [0x00000000ec800000,0x00000000ec800000,0x00000000ecc00000)
 ParOldGen       total 68608K, used 16K [0x00000000c0000000, 0x00000000c4300000, 0x00000000eab00000)
  object space 68608K, 0% used [0x00000000c0000000,0x00000000c0004000,0x00000000c4300000)
 Metaspace       used 4309K, committed 4480K, reserved 1114112K
  class space    used 434K, committed 512K, reserved 1048576K
}
Event: 1.244 GC heap before
{Heap before GC invocations=2 (full 0):
 PSYoungGen      total 29696K, used 28773K [0x00000000eab00000, 0x00000000ecc00000, 0x0000000100000000)
  eden space 25600K, 100% used [0x00000000eab00000,0x00000000ec400000,0x00000000ec400000)
  from space 4096K, 77% used [0x00000000ec400000,0x00000000ec7197f0,0x00000000ec800000)
  to   space 4096K, 0% used [0x00000000ec800000,0x00000000ec800000,0x00000000ecc00000)
 ParOldGen       total 68608K, used 16K [0x00000000c0000000, 0x00000000c4300000, 0x00000000eab00000)
  object space 68608K, 0% used [0x00000000c0000000,0x00000000c0004000,0x00000000c4300000)
 Metaspace       used 7953K, committed 8192K, reserved 1114112K
  class space    used 784K, committed 896K, reserved 1048576K
}
Event: 1.250 GC heap after
{Heap after GC invocations=2 (full 0):
 PSYoungGen      total 29696K, used 4085K [0x00000000eab00000, 0x00000000ecc00000, 0x0000000100000000)
  eden space 25600K, 0% used [0x00000000eab00000,0x00000000eab00000,0x00000000ec400000)
  from space 4096K, 99% used [0x00000000ec800000,0x00000000ecbfd7e0,0x00000000ecc00000)
  to   space 4096K, 0% used [0x00000000ec400000,0x00000000ec400000,0x00000000ec800000)
 ParOldGen       total 68608K, used 1658K [0x00000000c0000000, 0x00000000c4300000, 0x00000000eab00000)
  object space 68608K, 2% used [0x00000000c0000000,0x00000000c019ea00,0x00000000c4300000)
 Metaspace       used 7953K, committed 8192K, reserved 1114112K
  class space    used 784K, committed 896K, reserved 1048576K
}
Event: 1.598 GC heap before
{Heap before GC invocations=3 (full 0):
 PSYoungGen      total 29696K, used 29685K [0x00000000eab00000, 0x00000000ecc00000, 0x0000000100000000)
  eden space 25600K, 100% used [0x00000000eab00000,0x00000000ec400000,0x00000000ec400000)
  from space 4096K, 99% used [0x00000000ec800000,0x00000000ecbfd7e0,0x00000000ecc00000)
  to   space 4096K, 0% used [0x00000000ec400000,0x00000000ec400000,0x00000000ec800000)
 ParOldGen       total 68608K, used 1658K [0x00000000c0000000, 0x00000000c4300000, 0x00000000eab00000)
  object space 68608K, 2% used [0x00000000c0000000,0x00000000c019ea00,0x00000000c4300000)
 Metaspace       used 9191K, committed 9536K, reserved 1114112K
  class space    used 922K, committed 1088K, reserved 1048576K
}
Event: 1.607 GC heap after
{Heap after GC invocations=3 (full 0):
 PSYoungGen      total 29696K, used 4068K [0x00000000eab00000, 0x00000000ecc00000, 0x0000000100000000)
  eden space 25600K, 0% used [0x00000000eab00000,0x00000000eab00000,0x00000000ec400000)
  from space 4096K, 99% used [0x00000000ec400000,0x00000000ec7f9210,0x00000000ec800000)
  to   space 4096K, 0% used [0x00000000ec800000,0x00000000ec800000,0x00000000ecc00000)
 ParOldGen       total 68608K, used 5839K [0x00000000c0000000, 0x00000000c4300000, 0x00000000eab00000)
  object space 68608K, 8% used [0x00000000c0000000,0x00000000c05b3f60,0x00000000c4300000)
 Metaspace       used 9191K, committed 9536K, reserved 1114112K
  class space    used 922K, committed 1088K, reserved 1048576K
}
Event: 1.955 GC heap before
{Heap before GC invocations=4 (full 0):
 PSYoungGen      total 29696K, used 29668K [0x00000000eab00000, 0x00000000ecc00000, 0x0000000100000000)
  eden space 25600K, 100% used [0x00000000eab00000,0x00000000ec400000,0x00000000ec400000)
  from space 4096K, 99% used [0x00000000ec400000,0x00000000ec7f9210,0x00000000ec800000)
  to   space 4096K, 0% used [0x00000000ec800000,0x00000000ec800000,0x00000000ecc00000)
 ParOldGen       total 68608K, used 5839K [0x00000000c0000000, 0x00000000c4300000, 0x00000000eab00000)
  object space 68608K, 8% used [0x00000000c0000000,0x00000000c05b3f60,0x00000000c4300000)
 Metaspace       used 12325K, committed 12736K, reserved 1114112K
  class space    used 1223K, committed 1408K, reserved 1048576K
}
Event: 1.960 GC heap after
{Heap after GC invocations=4 (full 0):
 PSYoungGen      total 29696K, used 4087K [0x00000000eab00000, 0x00000000ecc00000, 0x0000000100000000)
  eden space 25600K, 0% used [0x00000000eab00000,0x00000000eab00000,0x00000000ec400000)
  from space 4096K, 99% used [0x00000000ec800000,0x00000000ecbfdd08,0x00000000ecc00000)
  to   space 4096K, 0% used [0x00000000ec400000,0x00000000ec400000,0x00000000ec800000)
 ParOldGen       total 68608K, used 7007K [0x00000000c0000000, 0x00000000c4300000, 0x00000000eab00000)
  object space 68608K, 10% used [0x00000000c0000000,0x00000000c06d7f70,0x00000000c4300000)
 Metaspace       used 12325K, committed 12736K, reserved 1114112K
  class space    used 1223K, committed 1408K, reserved 1048576K
}

Dll operation events (9 events):
Event: 0.006 Loaded shared library c:\Users\ovian\.vscode\extensions\redhat.java-1.40.0-win32-x64\jre\21.0.6-win32-x86_64\bin\java.dll
Event: 0.054 Loaded shared library c:\Users\ovian\.vscode\extensions\redhat.java-1.40.0-win32-x64\jre\21.0.6-win32-x86_64\bin\zip.dll
Event: 0.072 Loaded shared library C:\Users\ovian\.vscode\extensions\redhat.java-1.40.0-win32-x64\jre\21.0.6-win32-x86_64\bin\instrument.dll
Event: 0.075 Loaded shared library C:\Users\ovian\.vscode\extensions\redhat.java-1.40.0-win32-x64\jre\21.0.6-win32-x86_64\bin\net.dll
Event: 0.077 Loaded shared library C:\Users\ovian\.vscode\extensions\redhat.java-1.40.0-win32-x64\jre\21.0.6-win32-x86_64\bin\nio.dll
Event: 0.079 Loaded shared library C:\Users\ovian\.vscode\extensions\redhat.java-1.40.0-win32-x64\jre\21.0.6-win32-x86_64\bin\zip.dll
Event: 0.097 Loaded shared library C:\Users\ovian\.vscode\extensions\redhat.java-1.40.0-win32-x64\jre\21.0.6-win32-x86_64\bin\jimage.dll
Event: 0.164 Loaded shared library c:\Users\ovian\.vscode\extensions\redhat.java-1.40.0-win32-x64\jre\21.0.6-win32-x86_64\bin\verify.dll
Event: 1.223 Loaded shared library C:\Users\ovian\AppData\Roaming\Code\User\globalStorage\redhat.java\1.40.0\config_win\org.eclipse.equinox.launcher\org.eclipse.equinox.launcher.win32.win32.x86_64_1.2.1200.v20250212-0927\eclipse_11909.dll

Deoptimization events (20 events):
Event: 1.885 Thread 0x000001e270e096b0 Uncommon trap: trap_request=0xffffff45 fr.pc=0x000001e21fd7d9e4 relative=0x0000000000000364
Event: 1.885 Thread 0x000001e270e096b0 Uncommon trap: reason=unstable_if action=reinterpret pc=0x000001e21fd7d9e4 method=com.sun.org.apache.xerces.internal.impl.XMLEntityScanner.scanLiteral(ILcom/sun/org/apache/xerces/internal/xni/XMLString;Z)I @ 189 c2
Event: 1.885 Thread 0x000001e270e096b0 DEOPT PACKING pc=0x000001e21fd7d9e4 sp=0x00000094837f82b0
Event: 1.885 Thread 0x000001e270e096b0 DEOPT UNPACKING pc=0x000001e21f703aa2 sp=0x00000094837f8240 mode 2
Event: 1.892 Thread 0x000001e270e096b0 DEOPT PACKING pc=0x000001e2186659a8 sp=0x00000094837f84a0
Event: 1.892 Thread 0x000001e270e096b0 DEOPT UNPACKING pc=0x000001e21f704242 sp=0x00000094837f7960 mode 0
Event: 1.894 Thread 0x000001e270e096b0 DEOPT PACKING pc=0x000001e2186659a8 sp=0x00000094837f80b0
Event: 1.894 Thread 0x000001e270e096b0 DEOPT UNPACKING pc=0x000001e21f704242 sp=0x00000094837f7570 mode 0
Event: 1.932 Thread 0x000001e270e096b0 Uncommon trap: trap_request=0xffffff45 fr.pc=0x000001e21fd81518 relative=0x0000000000000378
Event: 1.932 Thread 0x000001e270e096b0 Uncommon trap: reason=unstable_if action=reinterpret pc=0x000001e21fd81518 method=com.sun.org.apache.xerces.internal.impl.XMLEntityScanner.skipSpaces()Z @ 88 c2
Event: 1.932 Thread 0x000001e270e096b0 DEOPT PACKING pc=0x000001e21fd81518 sp=0x00000094837f8670
Event: 1.932 Thread 0x000001e270e096b0 DEOPT UNPACKING pc=0x000001e21f703aa2 sp=0x00000094837f8608 mode 2
Event: 1.932 Thread 0x000001e270e096b0 Uncommon trap: trap_request=0xffffff45 fr.pc=0x000001e21fd7fb7c relative=0x00000000000000dc
Event: 1.932 Thread 0x000001e270e096b0 Uncommon trap: reason=unstable_if action=reinterpret pc=0x000001e21fd7fb7c method=com.sun.org.apache.xerces.internal.impl.XMLEntityScanner.peekChar()I @ 51 c2
Event: 1.932 Thread 0x000001e270e096b0 DEOPT PACKING pc=0x000001e21fd7fb7c sp=0x00000094837f85c0
Event: 1.932 Thread 0x000001e270e096b0 DEOPT UNPACKING pc=0x000001e21f703aa2 sp=0x00000094837f8548 mode 2
Event: 1.951 Thread 0x000001e270e096b0 Uncommon trap: trap_request=0xffffffcc fr.pc=0x000001e21fd7f3c4 relative=0x0000000000000204
Event: 1.951 Thread 0x000001e270e096b0 Uncommon trap: reason=intrinsic_or_type_checked_inlining action=make_not_entrant pc=0x000001e21fd7f3c4 method=java.util.Arrays.copyOf([Ljava/lang/Object;ILjava/lang/Class;)[Ljava/lang/Object; @ 35 c2
Event: 1.951 Thread 0x000001e270e096b0 DEOPT PACKING pc=0x000001e21fd7f3c4 sp=0x00000094837fba70
Event: 1.951 Thread 0x000001e270e096b0 DEOPT UNPACKING pc=0x000001e21f703aa2 sp=0x00000094837fba00 mode 2

Classes loaded (20 events):
Event: 1.763 Loading class java/util/Timer
Event: 1.763 Loading class java/util/Timer done
Event: 1.763 Loading class java/util/TaskQueue
Event: 1.763 Loading class java/util/TaskQueue done
Event: 1.763 Loading class java/util/TimerThread
Event: 1.763 Loading class java/util/TimerThread done
Event: 1.763 Loading class java/util/Timer$ThreadReaper
Event: 1.763 Loading class java/util/Timer$ThreadReaper done
Event: 1.773 Loading class java/util/concurrent/locks/ReentrantLock$FairSync
Event: 1.773 Loading class java/util/concurrent/locks/ReentrantLock$FairSync done
Event: 1.816 Loading class java/lang/IllegalCallerException
Event: 1.817 Loading class java/lang/IllegalCallerException done
Event: 1.819 Loading class java/lang/invoke/DirectMethodHandle$1
Event: 1.819 Loading class java/lang/invoke/DirectMethodHandle$1 done
Event: 1.820 Loading class org/xml/sax/SAXParseException
Event: 1.820 Loading class org/xml/sax/SAXParseException done
Event: 1.962 Loading class java/nio/file/NoSuchFileException
Event: 1.962 Loading class java/nio/file/FileSystemException
Event: 1.962 Loading class java/nio/file/FileSystemException done
Event: 1.962 Loading class java/nio/file/NoSuchFileException done

Classes unloaded (0 events):
No events

Classes redefined (0 events):
No events

Internal exceptions (20 events):
Event: 0.767 Thread 0x000001e214f7fb10 Exception <a 'java/lang/NoSuchMethodError'{0x00000000ead0d620}: 'java.lang.Object java.lang.invoke.DirectMethodHandle$Holder.invokeSpecial(java.lang.Object, java.lang.Object, java.lang.Object, java.lang.Object, long)'> (0x00000000ead0d620) 
thrown [s\src\hotspot\share\interpreter\linkResolver.cpp, line 773]
Event: 0.768 Thread 0x000001e214f7fb10 Exception <a 'java/lang/NoSuchMethodError'{0x00000000ead1b2a0}: 'java.lang.Object java.lang.invoke.DirectMethodHandle$Holder.invokeSpecial(java.lang.Object, java.lang.Object, java.lang.Object, int, java.lang.Object)'> (0x00000000ead1b2a0) 
thrown [s\src\hotspot\share\interpreter\linkResolver.cpp, line 773]
Event: 0.770 Thread 0x000001e214f7fb10 Exception <a 'java/lang/NoSuchMethodError'{0x00000000ead34ca0}: 'java.lang.Object java.lang.invoke.Invokers$Holder.invokeExact_MT(java.lang.Object, java.lang.Object, java.lang.Object, java.lang.Object, java.lang.Object, java.lang.Object)'> (0x00000000ead34ca0) 
thrown [s\src\hotspot\share\interpreter\linkResolver.cpp, line 773]
Event: 0.772 Thread 0x000001e214f7fb10 Exception <a 'java/lang/NoSuchMethodError'{0x00000000ead4e558}: 'int java.lang.invoke.DirectMethodHandle$Holder.invokeStaticInit(java.lang.Object, java.lang.Object, java.lang.Object, java.lang.Object)'> (0x00000000ead4e558) 
thrown [s\src\hotspot\share\interpreter\linkResolver.cpp, line 773]
Event: 0.773 Thread 0x000001e214f7fb10 Exception <a 'java/lang/NoSuchMethodError'{0x00000000ead56fa8}: 'java.lang.Object java.lang.invoke.DirectMethodHandle$Holder.invokeInterface(java.lang.Object, java.lang.Object)'> (0x00000000ead56fa8) 
thrown [s\src\hotspot\share\interpreter\linkResolver.cpp, line 773]
Event: 0.773 Thread 0x000001e214f7fb10 Exception <a 'java/lang/IncompatibleClassChangeError'{0x00000000ead5a4e0}: Found class java.lang.Object, but interface was expected> (0x00000000ead5a4e0) 
thrown [s\src\hotspot\share\interpreter\linkResolver.cpp, line 840]
Event: 0.773 Thread 0x000001e214f7fb10 Exception <a 'java/lang/NoSuchMethodError'{0x00000000ead5e698}: 'void java.lang.invoke.DirectMethodHandle$Holder.invokeStatic(java.lang.Object, java.lang.Object)'> (0x00000000ead5e698) 
thrown [s\src\hotspot\share\interpreter\linkResolver.cpp, line 773]
Event: 0.773 Thread 0x000001e214f7fb10 Exception <a 'java/lang/NoSuchMethodError'{0x00000000ead61a40}: 'void java.lang.invoke.DirectMethodHandle$Holder.invokeStaticInit(java.lang.Object, java.lang.Object)'> (0x00000000ead61a40) 
thrown [s\src\hotspot\share\interpreter\linkResolver.cpp, line 773]
Event: 0.774 Thread 0x000001e214f7fb10 Exception <a 'java/lang/NoSuchMethodError'{0x00000000ead68ae0}: 'int java.lang.invoke.DirectMethodHandle$Holder.invokeStaticInit(java.lang.Object, java.lang.Object)'> (0x00000000ead68ae0) 
thrown [s\src\hotspot\share\interpreter\linkResolver.cpp, line 773]
Event: 0.804 Thread 0x000001e214f7fb10 Exception <a 'java/lang/NoSuchMethodError'{0x00000000eaec83f0}: 'void java.lang.invoke.DirectMethodHandle$Holder.invokeSpecial(java.lang.Object, java.lang.Object, java.lang.Object)'> (0x00000000eaec83f0) 
thrown [s\src\hotspot\share\interpreter\linkResolver.cpp, line 773]
Event: 1.003 Thread 0x000001e214f7fb10 Exception <a 'java/lang/NoSuchMethodError'{0x00000000eb8ad910}: 'int java.lang.invoke.DirectMethodHandle$Holder.invokeVirtual(java.lang.Object, java.lang.Object)'> (0x00000000eb8ad910) 
thrown [s\src\hotspot\share\interpreter\linkResolver.cpp, line 773]
Event: 1.063 Thread 0x000001e214f7fb10 Exception <a 'java/lang/NoSuchMethodError'{0x00000000ebbe6cd8}: 'java.lang.Object java.lang.invoke.DirectMethodHandle$Holder.newInvokeSpecial(java.lang.Object, int, java.lang.Object)'> (0x00000000ebbe6cd8) 
thrown [s\src\hotspot\share\interpreter\linkResolver.cpp, line 773]
Event: 1.083 Thread 0x000001e214f7fb10 Exception <a 'java/lang/NoSuchMethodError'{0x00000000ebd7a080}: 'java.lang.Object java.lang.invoke.DirectMethodHandle$Holder.newInvokeSpecial(java.lang.Object, java.lang.Object, java.lang.Object, java.lang.Object, int, java.lang.Object)'> (0x00000000ebd7a080) 
thrown [s\src\hotspot\share\interpreter\linkResolver.cpp, line 773]
Event: 1.220 Thread 0x000001e214f7fb10 Exception <a 'java/lang/UnsatisfiedLinkError'{0x00000000ec21a050}: 'void org.eclipse.equinox.launcher.JNIBridge._update_splash()'> (0x00000000ec21a050) 
thrown [s\src\hotspot\share\prims\nativeLookup.cpp, line 415]
Event: 1.314 Thread 0x000001e270e096b0 Exception <a 'java/lang/NoSuchMethodError'{0x00000000eb0086c0}: 'java.lang.Object java.lang.invoke.DirectMethodHandle$Holder.newInvokeSpecial(java.lang.Object, java.lang.Object, int, java.lang.Object)'> (0x00000000eb0086c0) 
thrown [s\src\hotspot\share\interpreter\linkResolver.cpp, line 773]
Event: 1.341 Thread 0x000001e270e096b0 Exception <a 'java/lang/NoSuchMethodError'{0x00000000eb1acf38}: 'java.lang.Object java.lang.invoke.DirectMethodHandle$Holder.invokeStatic(java.lang.Object, int, java.lang.Object)'> (0x00000000eb1acf38) 
thrown [s\src\hotspot\share\interpreter\linkResolver.cpp, line 773]
Event: 1.351 Thread 0x000001e270e096b0 Exception <a 'java/lang/ClassNotFoundException'{0x00000000eb23bc60}: sun/util/logging/resources/spi/loggingProvider> (0x00000000eb23bc60) 
thrown [s\src\hotspot\share\classfile\systemDictionary.cpp, line 312]
Event: 1.692 Thread 0x000001e270e096b0 Exception <a 'java/lang/NullPointerException'{0x00000000eb247cf0}> (0x00000000eb247cf0) 
thrown [s\src\hotspot\share\interpreter\linkResolver.cpp, line 1372]
Event: 1.692 Thread 0x000001e270e096b0 Exception <a 'java/lang/NullPointerException'{0x00000000eb247fd0}> (0x00000000eb247fd0) 
thrown [s\src\hotspot\share\interpreter\linkResolver.cpp, line 1372]
Event: 1.814 Thread 0x000001e270e096b0 Exception <a 'java/lang/NoSuchMethodError'{0x00000000ebc08f08}: 'void java.lang.invoke.Invokers$Holder.invokeExact_MT(java.lang.Object, java.lang.Object, java.lang.Object)'> (0x00000000ebc08f08) 
thrown [s\src\hotspot\share\interpreter\linkResolver.cpp, line 773]

ZGC Phase Switch (0 events):
No events

VM Operations (20 events):
Event: 1.244 Executing VM operation: ParallelGCFailedAllocation (Allocation Failure)
Event: 1.250 Executing VM operation: ParallelGCFailedAllocation (Allocation Failure) done
Event: 1.292 Executing VM operation: HandshakeAllThreads (Deoptimize)
Event: 1.292 Executing VM operation: HandshakeAllThreads (Deoptimize) done
Event: 1.335 Executing VM operation: HandshakeAllThreads (Deoptimize)
Event: 1.335 Executing VM operation: HandshakeAllThreads (Deoptimize) done
Event: 1.357 Executing VM operation: HandshakeAllThreads (Deoptimize)
Event: 1.357 Executing VM operation: HandshakeAllThreads (Deoptimize) done
Event: 1.375 Executing VM operation: HandshakeAllThreads (Deoptimize)
Event: 1.375 Executing VM operation: HandshakeAllThreads (Deoptimize) done
Event: 1.389 Executing VM operation: HandshakeAllThreads (Deoptimize)
Event: 1.389 Executing VM operation: HandshakeAllThreads (Deoptimize) done
Event: 1.597 Executing VM operation: ParallelGCFailedAllocation (Allocation Failure)
Event: 1.607 Executing VM operation: ParallelGCFailedAllocation (Allocation Failure) done
Event: 1.690 Executing VM operation: HandshakeAllThreads (Deoptimize)
Event: 1.690 Executing VM operation: HandshakeAllThreads (Deoptimize) done
Event: 1.773 Executing VM operation: HandshakeAllThreads (Deoptimize)
Event: 1.774 Executing VM operation: HandshakeAllThreads (Deoptimize) done
Event: 1.955 Executing VM operation: ParallelGCFailedAllocation (Allocation Failure)
Event: 1.960 Executing VM operation: ParallelGCFailedAllocation (Allocation Failure) done

Memory protections (0 events):
No events

Nmethod flushes (0 events):
No events

Events (20 events):
Event: 0.018 Thread 0x000001e214f7fb10 Thread added: 0x000001e214f7fb10
Event: 0.028 Thread 0x000001e214f7fb10 Thread added: 0x000001e22932fa70
Event: 0.028 Thread 0x000001e214f7fb10 Thread added: 0x000001e2293311c0
Event: 0.028 Thread 0x000001e214f7fb10 Thread added: 0x000001e229332b90
Event: 0.028 Thread 0x000001e214f7fb10 Thread added: 0x000001e229333aa0
Event: 0.029 Thread 0x000001e214f7fb10 Thread added: 0x000001e2293387f0
Event: 0.029 Thread 0x000001e214f7fb10 Thread added: 0x000001e22933cf80
Event: 0.029 Thread 0x000001e214f7fb10 Thread added: 0x000001e22933f560
Event: 0.029 Thread 0x000001e214f7fb10 Thread added: 0x000001e229342850
Event: 0.044 Thread 0x000001e214f7fb10 Thread added: 0x000001e214feb740
Event: 0.062 Thread 0x000001e22933f560 Thread added: 0x000001e2700f2e00
Event: 0.359 Thread 0x000001e214f7fb10 Thread added: 0x000001e27026ab00
Event: 0.511 Thread 0x000001e229342850 Thread added: 0x000001e270442070
Event: 1.038 Thread 0x000001e214f7fb10 Thread added: 0x000001e270620fb0
Event: 1.217 Thread 0x000001e214f7fb10 Thread added: 0x000001e270db8bb0
Event: 1.253 Thread 0x000001e270db8bb0 Thread added: 0x000001e270e51f50
Event: 1.256 Thread 0x000001e214f7fb10 Thread added: 0x000001e270e096b0
Event: 1.543 Thread 0x000001e270e096b0 Thread added: 0x000001e271009420
Event: 1.671 Thread 0x000001e270e096b0 Thread added: 0x000001e2710c3000
Event: 1.763 Thread 0x000001e270e096b0 Thread added: 0x000001e2713484d0


Dynamic libraries:
0x00007ff7c15c0000 - 0x00007ff7c15ce000 	c:\Users\ovian\.vscode\extensions\redhat.java-1.40.0-win32-x64\jre\21.0.6-win32-x86_64\bin\java.exe
0x00007ffd341b0000 - 0x00007ffd343a8000 	C:\WINDOWS\SYSTEM32\ntdll.dll
0x00007ffd33280000 - 0x00007ffd33342000 	C:\WINDOWS\System32\KERNEL32.DLL
0x00007ffd31e60000 - 0x00007ffd3215f000 	C:\WINDOWS\System32\KERNELBASE.dll
0x00007ffd31970000 - 0x00007ffd31a70000 	C:\WINDOWS\System32\ucrtbase.dll
0x00007ffd12040000 - 0x00007ffd1205e000 	c:\Users\ovian\.vscode\extensions\redhat.java-1.40.0-win32-x64\jre\21.0.6-win32-x86_64\bin\VCRUNTIME140.dll
0x00007ffd13b20000 - 0x00007ffd13b38000 	c:\Users\ovian\.vscode\extensions\redhat.java-1.40.0-win32-x64\jre\21.0.6-win32-x86_64\bin\jli.dll
0x00007ffd21810000 - 0x00007ffd21aaa000 	C:\WINDOWS\WinSxS\amd64_microsoft.windows.common-controls_6595b64144ccf1df_6.0.19041.4355_none_60b8b9eb71f62e16\COMCTL32.dll
0x00007ffd32230000 - 0x00007ffd323cd000 	C:\WINDOWS\System32\USER32.dll
0x00007ffd33c50000 - 0x00007ffd33cee000 	C:\WINDOWS\System32\msvcrt.dll
0x00007ffd31b50000 - 0x00007ffd31b72000 	C:\WINDOWS\System32\win32u.dll
0x00007ffd33990000 - 0x00007ffd339bb000 	C:\WINDOWS\System32\GDI32.dll
0x00007ffd31850000 - 0x00007ffd3196a000 	C:\WINDOWS\System32\gdi32full.dll
0x00007ffd31dc0000 - 0x00007ffd31e5d000 	C:\WINDOWS\System32\msvcp_win.dll
0x00007ffd33a70000 - 0x00007ffd33a9f000 	C:\WINDOWS\System32\IMM32.DLL
0x00007ffd1a010000 - 0x00007ffd1a01c000 	c:\Users\ovian\.vscode\extensions\redhat.java-1.40.0-win32-x64\jre\21.0.6-win32-x86_64\bin\vcruntime140_1.dll
0x00007ffccbe90000 - 0x00007ffccbf1d000 	c:\Users\ovian\.vscode\extensions\redhat.java-1.40.0-win32-x64\jre\21.0.6-win32-x86_64\bin\msvcp140.dll
0x00007ffcc5260000 - 0x00007ffcc5ff0000 	c:\Users\ovian\.vscode\extensions\redhat.java-1.40.0-win32-x64\jre\21.0.6-win32-x86_64\bin\server\jvm.dll
0x00007ffd339c0000 - 0x00007ffd33a6f000 	C:\WINDOWS\System32\ADVAPI32.dll
0x00007ffd33f70000 - 0x00007ffd3400f000 	C:\WINDOWS\System32\sechost.dll
0x00007ffd34020000 - 0x00007ffd34143000 	C:\WINDOWS\System32\RPCRT4.dll
0x00007ffd31c30000 - 0x00007ffd31c57000 	C:\WINDOWS\System32\bcrypt.dll
0x00007ffd33910000 - 0x00007ffd3397b000 	C:\WINDOWS\System32\WS2_32.dll
0x00007ffd316b0000 - 0x00007ffd316fb000 	C:\WINDOWS\SYSTEM32\POWRPROF.dll
0x00007ffd1c4d0000 - 0x00007ffd1c4f7000 	C:\WINDOWS\SYSTEM32\WINMM.dll
0x00007ffd29a00000 - 0x00007ffd29a0a000 	C:\WINDOWS\SYSTEM32\VERSION.dll
0x00007ffd31690000 - 0x00007ffd316a2000 	C:\WINDOWS\SYSTEM32\UMPDC.dll
0x00007ffd300c0000 - 0x00007ffd300d2000 	C:\WINDOWS\SYSTEM32\kernel.appcore.dll
0x00007ffd17070000 - 0x00007ffd1707a000 	c:\Users\ovian\.vscode\extensions\redhat.java-1.40.0-win32-x64\jre\21.0.6-win32-x86_64\bin\jimage.dll
0x00007ffd2f440000 - 0x00007ffd2f624000 	C:\WINDOWS\SYSTEM32\DBGHELP.DLL
0x00007ffd1d960000 - 0x00007ffd1d994000 	C:\WINDOWS\SYSTEM32\dbgcore.DLL
0x00007ffd31a70000 - 0x00007ffd31af2000 	C:\WINDOWS\System32\bcryptPrimitives.dll
0x00007ffd13d50000 - 0x00007ffd13d5f000 	c:\Users\ovian\.vscode\extensions\redhat.java-1.40.0-win32-x64\jre\21.0.6-win32-x86_64\bin\instrument.dll
0x00007ffd0ffc0000 - 0x00007ffd0ffdf000 	c:\Users\ovian\.vscode\extensions\redhat.java-1.40.0-win32-x64\jre\21.0.6-win32-x86_64\bin\java.dll
0x00007ffd32a60000 - 0x00007ffd331cd000 	C:\WINDOWS\System32\SHELL32.dll
0x00007ffd2f630000 - 0x00007ffd2fdd4000 	C:\WINDOWS\SYSTEM32\windows.storage.dll
0x00007ffd325f0000 - 0x00007ffd32945000 	C:\WINDOWS\System32\combase.dll
0x00007ffd311b0000 - 0x00007ffd311db000 	C:\WINDOWS\SYSTEM32\Wldp.dll
0x00007ffd33d70000 - 0x00007ffd33e3d000 	C:\WINDOWS\System32\OLEAUT32.dll
0x00007ffd32950000 - 0x00007ffd329fd000 	C:\WINDOWS\System32\SHCORE.dll
0x00007ffd33430000 - 0x00007ffd33485000 	C:\WINDOWS\System32\shlwapi.dll
0x00007ffd31780000 - 0x00007ffd317a5000 	C:\WINDOWS\SYSTEM32\profapi.dll
0x00007ffd0e5d0000 - 0x00007ffd0e5e8000 	c:\Users\ovian\.vscode\extensions\redhat.java-1.40.0-win32-x64\jre\21.0.6-win32-x86_64\bin\zip.dll
0x00007ffd2db20000 - 0x00007ffd2db30000 	C:\Users\ovian\.vscode\extensions\redhat.java-1.40.0-win32-x64\jre\21.0.6-win32-x86_64\bin\net.dll
0x00007ffd2b5d0000 - 0x00007ffd2b6da000 	C:\WINDOWS\SYSTEM32\WINHTTP.dll
0x00007ffd30f10000 - 0x00007ffd30f7c000 	C:\WINDOWS\system32\mswsock.dll
0x00007ffd2dab0000 - 0x00007ffd2dac6000 	C:\Users\ovian\.vscode\extensions\redhat.java-1.40.0-win32-x64\jre\21.0.6-win32-x86_64\bin\nio.dll
0x00007ffd2daa0000 - 0x00007ffd2dab0000 	c:\Users\ovian\.vscode\extensions\redhat.java-1.40.0-win32-x64\jre\21.0.6-win32-x86_64\bin\verify.dll
0x00007ffd2da50000 - 0x00007ffd2da95000 	C:\Users\ovian\AppData\Roaming\Code\User\globalStorage\redhat.java\1.40.0\config_win\org.eclipse.equinox.launcher\org.eclipse.equinox.launcher.win32.win32.x86_64_1.2.1200.v20250212-0927\eclipse_11909.dll
0x00007ffd33e40000 - 0x00007ffd33f6b000 	C:\WINDOWS\System32\ole32.dll

dbghelp: loaded successfully - version: 4.0.5 - missing functions: none
symbol engine: initialized successfully - sym options: 0x614 - pdb path: .;c:\Users\ovian\.vscode\extensions\redhat.java-1.40.0-win32-x64\jre\21.0.6-win32-x86_64\bin;C:\WINDOWS\SYSTEM32;C:\WINDOWS\WinSxS\amd64_microsoft.windows.common-controls_6595b64144ccf1df_6.0.19041.4355_none_60b8b9eb71f62e16;c:\Users\ovian\.vscode\extensions\redhat.java-1.40.0-win32-x64\jre\21.0.6-win32-x86_64\bin\server;C:\Users\ovian\AppData\Roaming\Code\User\globalStorage\redhat.java\1.40.0\config_win\org.eclipse.equinox.launcher\org.eclipse.equinox.launcher.win32.win32.x86_64_1.2.1200.v20250212-0927

VM Arguments:
jvm_args: --add-modules=ALL-SYSTEM --add-opens=java.base/java.util=ALL-UNNAMED --add-opens=java.base/java.lang=ALL-UNNAMED --add-opens=java.base/sun.nio.fs=ALL-UNNAMED -Declipse.application=org.eclipse.jdt.ls.core.id1 -Dosgi.bundles.defaultStartLevel=4 -Declipse.product=org.eclipse.jdt.ls.core.product -Djava.import.generatesMetadataFilesAtProjectRoot=false -DDetectVMInstallationsJob.disabled=true -Dfile.encoding=utf8 -XX:+UseParallelGC -XX:GCTimeRatio=4 -XX:AdaptiveSizePolicyWeight=90 -Dsun.zip.disableMemoryMapping=true -Xmx1G -Xms100m -Xlog:disable -javaagent:c:\Users\ovian\.vscode\extensions\redhat.java-1.40.0-win32-x64\lombok\lombok-1.18.36.jar -XX:+HeapDumpOnOutOfMemoryError -XX:HeapDumpPath=c:\Users\ovian\AppData\Roaming\Code\User\workspaceStorage\c22df47efe8e38aa274e72438b390fa4\redhat.java -Daether.dependencyCollector.impl=bf 
java_command: c:\Users\ovian\.vscode\extensions\redhat.java-1.40.0-win32-x64\server\plugins\org.eclipse.equinox.launcher_1.6.1000.v20250131-0606.jar -configuration c:\Users\ovian\AppData\Roaming\Code\User\globalStorage\redhat.java\1.40.0\config_win -data c:\Users\ovian\AppData\Roaming\Code\User\workspaceStorage\c22df47efe8e38aa274e72438b390fa4\redhat.java\jdt_ws --pipe=\\.\pipe\lsp-140037999c02269af980783dcf165e36-sock
java_class_path (initial): c:\Users\ovian\.vscode\extensions\redhat.java-1.40.0-win32-x64\server\plugins\org.eclipse.equinox.launcher_1.6.1000.v20250131-0606.jar
Launcher Type: SUN_STANDARD

[Global flags]
    uintx AdaptiveSizePolicyWeight                 = 90                                        {product} {command line}
     intx CICompilerCount                          = 4                                         {product} {ergonomic}
    uintx GCTimeRatio                              = 4                                         {product} {command line}
     bool HeapDumpOnOutOfMemoryError               = true                                   {manageable} {command line}
    ccstr HeapDumpPath                             = c:\Users\ovian\AppData\Roaming\Code\User\workspaceStorage\c22df47efe8e38aa274e72438b390fa4\redhat.java         {manageable} {command line}
   size_t InitialHeapSize                          = 104857600                                 {product} {command line}
   size_t MaxHeapSize                              = 1073741824                                {product} {command line}
   size_t MaxNewSize                               = 357564416                                 {product} {ergonomic}
   size_t MinHeapDeltaBytes                        = 524288                                    {product} {ergonomic}
   size_t MinHeapSize                              = 104857600                                 {product} {command line}
   size_t NewSize                                  = 34603008                                  {product} {ergonomic}
    uintx NonNMethodCodeHeapSize                   = 5839372                                {pd product} {ergonomic}
    uintx NonProfiledCodeHeapSize                  = 122909434                              {pd product} {ergonomic}
   size_t OldSize                                  = 70254592                                  {product} {ergonomic}
    uintx ProfiledCodeHeapSize                     = 122909434                              {pd product} {ergonomic}
    uintx ReservedCodeCacheSize                    = 251658240                              {pd product} {ergonomic}
     bool SegmentedCodeCache                       = true                                      {product} {ergonomic}
   size_t SoftMaxHeapSize                          = 1073741824                             {manageable} {ergonomic}
     bool UseCompressedOops                        = true                           {product lp64_product} {ergonomic}
     bool UseLargePagesIndividualAllocation        = false                                  {pd product} {ergonomic}
     bool UseParallelGC                            = true                                      {product} {command line}

Logging:
Log output configuration:
 #0: stdout all=off uptime,level,tags foldmultilines=false
 #1: stderr all=off uptime,level,tags foldmultilines=false

Environment Variables:
JAVA_HOME=C:\Program Files\Eclipse Adoptium\jdk-21.0.6.7-hotspot\
PATH=C:\Program Files\Eclipse Adoptium\jdk-21.0.6.7-hotspot\bin;C:\WINDOWS\system32;C:\WINDOWS;C:\WINDOWS\System32\Wbem;C:\WINDOWS\System32\WindowsPowerShell\v1.0\;C:\WINDOWS\System32\OpenSSH\;C:\Program Files\Calibre2\;C:\ffmpeg\bin;C:\apache-maven-3.9.9\bin;C:\Users\ovian\AppData\Local\Microsoft\WindowsApps;C:\ffmpeg\bin;C:\Users\ovian\AppData\Local\Microsoft\WinGet\Links;C:\Users\ovian\AppData\Local\Programs\Microsoft VS Code\bin
USERNAME=ovian
OS=Windows_NT
PROCESSOR_IDENTIFIER=Intel64 Family 6 Model 60 Stepping 3, GenuineIntel
TMP=C:\Users\ovian\AppData\Local\Temp
TEMP=C:\Users\ovian\AppData\Local\Temp




Periodic native trim disabled

---------------  S Y S T E M  ---------------

OS:
 Windows 10 , 64 bit Build 19041 (10.0.19041.5438)
OS uptime: 0 days 0:13 hours

CPU: total 8 (initial active 8) (4 cores per cpu, 2 threads per core) family 6 model 60 stepping 3 microcode 0x27, cx8, cmov, fxsr, ht, mmx, sse, sse2, sse3, ssse3, sse4.1, sse4.2, popcnt, lzcnt, tsc, tscinvbit, avx, avx2, aes, erms, clmul, bmi1, bmi2, fma, vzeroupper, clflush, rdtscp, f16c
Processor Information for the first 8 processors :
  Max Mhz: 4001, Current Mhz: 4001, Mhz Limit: 4001

Memory: 4k page, system-wide physical 16242M (9896M free)
TotalPageFile size 18674M (AvailPageFile size 11895M)
current process WorkingSet (physical memory assigned to process): 116M, peak: 116M
current process commit charge ("private bytes"): 222M, peak: 223M

vm_info: OpenJDK 64-Bit Server VM (21.0.6+7-LTS) for windows-amd64 JRE (21.0.6+7-LTS), built on 2025-01-21T00:00:00Z by "admin" with MS VC++ 17.7 (VS2022)

END.
